This file contains any messages produced by compilers while
running configure, to aid debugging if configure makes a mistake.

It was created by plymouth configure 0.9.4, which was
generated by GNU Autoconf 2.69.  Invocation command line was

  $ ./configure --prefix=/usr --exec-prefix=/usr --sysconfdir=/etc --localstatedir=/var --libdir=/usr/lib --libexecdir=/usr/lib --sbindir=/usr/bin --enable-systemd-integration --enable-drm --enable-tracing --enable-pango --enable-gtk=no --enable-tracing --disable-tests --enable-gdm-transition --with-logo=/usr/share/plymouth/arch-logo.png --with-release-file=/etc/os-release --with-background-color=0x000000 --with-background-start-color-stop=0x000000 --with-background-end-color-stop=0x4D4D4D --without-rhgb-compat-link --without-system-root-install

## --------- ##
## Platform. ##
## --------- ##

hostname = desktop
uname -m = x86_64
uname -r = 5.5.7-arch1-1
uname -s = Linux
uname -v = #1 SMP PREEMPT Sat, 29 Feb 2020 19:06:02 +0000

/usr/bin/uname -p = unknown
/bin/uname -X     = unknown

/bin/arch              = unknown
/usr/bin/arch -k       = unknown
/usr/convex/getsysinfo = unknown
/usr/bin/hostinfo      = unknown
/bin/machine           = unknown
/usr/bin/oslevel       = unknown
/bin/universe          = unknown

PATH: /home/leandromqrs/kde/src/kdesrc-build
PATH: /usr/local/sbin
PATH: /usr/local/bin
PATH: /usr/bin
PATH: /var/lib/flatpak/exports/bin
PATH: /usr/lib/jvm/default/bin
PATH: /usr/bin/site_perl
PATH: /usr/bin/vendor_perl
PATH: /usr/bin/core_perl


## ----------- ##
## Core tests. ##
## ----------- ##

configure:2454: checking for gcc
configure:2470: found /usr/bin/gcc
configure:2481: result: gcc
configure:2710: checking for C compiler version
configure:2719: gcc --version >&5
gcc (Arch Linux 9.2.1+20200130-2) 9.2.1 20200130
Copyright (C) 2019 Free Software Foundation, Inc.
This is free software; see the source for copying conditions.  There is NO
warranty; not even for MERCHANTABILITY or FITNESS FOR A PARTICULAR PURPOSE.

configure:2730: $? = 0
configure:2719: gcc -v >&5
Using built-in specs.
COLLECT_GCC=gcc
COLLECT_LTO_WRAPPER=/usr/lib/gcc/x86_64-pc-linux-gnu/9.2.1/lto-wrapper
Target: x86_64-pc-linux-gnu
Configured with: /build/gcc/src/gcc/configure --prefix=/usr --libdir=/usr/lib --libexecdir=/usr/lib --mandir=/usr/share/man --infodir=/usr/share/info --with-pkgversion='Arch Linux 9.2.1+20200130-2' --with-bugurl=https://bugs.archlinux.org/ --enable-languages=c,c++,ada,fortran,go,lto,objc,obj-c++,d --enable-shared --enable-threads=posix --with-system-zlib --with-isl --enable-__cxa_atexit --disable-libunwind-exceptions --enable-clocale=gnu --disable-libstdcxx-pch --disable-libssp --enable-gnu-unique-object --enable-linker-build-id --enable-lto --enable-plugin --enable-install-libiberty --with-linker-hash-style=gnu --enable-gnu-indirect-function --enable-multilib --disable-werror --enable-checking=release --enable-default-pie --enable-default-ssp --enable-cet=auto gdc_include_dir=/usr/include/dlang/gdc
Thread model: posix
gcc version 9.2.1 20200130 (Arch Linux 9.2.1+20200130-2) 
configure:2730: $? = 0
configure:2719: gcc -V >&5
gcc: error: unrecognized command line option '-V'
gcc: fatal error: no input files
compilation terminated.
configure:2730: $? = 1
configure:2719: gcc -qversion >&5
gcc: error: unrecognized command line option '-qversion'; did you mean '--version'?
gcc: fatal error: no input files
compilation terminated.
configure:2730: $? = 1
configure:2750: checking whether the C compiler works
configure:2772: gcc -march=x86-64 -mtune=generic -O2 -pipe -fno-plt -D_FORTIFY_SOURCE=2 -Wl,-O1,--sort-common,--as-needed,-z,relro,-z,now -ludev conftest.c  >&5
configure:2776: $? = 0
configure:2824: result: yes
configure:2827: checking for C compiler default output file name
configure:2829: result: a.out
configure:2835: checking for suffix of executables
configure:2842: gcc -o conftest -march=x86-64 -mtune=generic -O2 -pipe -fno-plt -D_FORTIFY_SOURCE=2 -Wl,-O1,--sort-common,--as-needed,-z,relro,-z,now -ludev conftest.c  >&5
configure:2846: $? = 0
configure:2868: result: 
configure:2890: checking whether we are cross compiling
configure:2898: gcc -o conftest -march=x86-64 -mtune=generic -O2 -pipe -fno-plt -D_FORTIFY_SOURCE=2 -Wl,-O1,--sort-common,--as-needed,-z,relro,-z,now -ludev conftest.c  >&5
configure:2902: $? = 0
configure:2909: ./conftest
configure:2913: $? = 0
configure:2901: result: no
configure:2906: checking for suffix of object files
configure:2928: gcc -c -march=x86-64 -mtune=generic -O2 -pipe -fno-plt -D_FORTIFY_SOURCE=2 conftest.c >&5
configure:2932: $? = 0
configure:2953: result: o
configure:2957: checking whether we are using the GNU C compiler
configure:2976: gcc -c -march=x86-64 -mtune=generic -O2 -pipe -fno-plt -D_FORTIFY_SOURCE=2 conftest.c >&5
configure:2976: $? = 0
configure:2985: result: yes
configure:2994: checking whether gcc accepts -g
configure:3014: gcc -c -g -D_FORTIFY_SOURCE=2 conftest.c >&5
configure:3014: $? = 0
configure:3055: result: yes
configure:3072: checking for gcc option to accept ISO C89
configure:3135: gcc  -c -march=x86-64 -mtune=generic -O2 -pipe -fno-plt -D_FORTIFY_SOURCE=2 conftest.c >&5
configure:3135: $? = 0
configure:3148: result: none needed
configure:3173: checking whether gcc understands -c and -o together
configure:3195: gcc -c conftest.c -o conftest2.o
configure:3198: $? = 0
configure:3195: gcc -c conftest.c -o conftest2.o
configure:3198: $? = 0
configure:3210: result: yes
configure:3233: checking how to run the C preprocessor
configure:3264: gcc -E -D_FORTIFY_SOURCE=2 conftest.c
In file included from /usr/include/bits/libc-header-start.h:33,
                 from /usr/include/limits.h:26,
                 from /usr/lib/gcc/x86_64-pc-linux-gnu/9.2.1/include-fixed/limits.h:194,
                 from /usr/lib/gcc/x86_64-pc-linux-gnu/9.2.1/include-fixed/syslimits.h:7,
                 from /usr/lib/gcc/x86_64-pc-linux-gnu/9.2.1/include-fixed/limits.h:34,
                 from conftest.c:10:
/usr/include/features.h:397:4: warning: #warning _FORTIFY_SOURCE requires compiling with optimization (-O) [-Wcpp]
  397 | #  warning _FORTIFY_SOURCE requires compiling with optimization (-O)
      |    ^~~~~~~
configure:3264: $? = 0
configure:3278: gcc -E -D_FORTIFY_SOURCE=2 conftest.c
conftest.c:9:10: fatal error: ac_nonexistent.h: No such file or directory
    9 | #include <ac_nonexistent.h>
      |          ^~~~~~~~~~~~~~~~~~
compilation terminated.
configure:3278: $? = 1
configure: failed program was:
| /* confdefs.h */
| #define PACKAGE_NAME "plymouth"
| #define PACKAGE_TARNAME "plymouth"
| #define PACKAGE_VERSION "0.9.4"
| #define PACKAGE_STRING "plymouth 0.9.4"
| #define PACKAGE_BUGREPORT "https://bugs.freedesktop.org/enter_bug.cgi?product=plymouth"
| #define PACKAGE_URL ""
| /* end confdefs.h.  */
| #include <ac_nonexistent.h>
configure:3303: result: gcc -E
configure:3323: gcc -E -D_FORTIFY_SOURCE=2 conftest.c
In file included from /usr/include/bits/libc-header-start.h:33,
                 from /usr/include/limits.h:26,
                 from /usr/lib/gcc/x86_64-pc-linux-gnu/9.2.1/include-fixed/limits.h:194,
                 from /usr/lib/gcc/x86_64-pc-linux-gnu/9.2.1/include-fixed/syslimits.h:7,
                 from /usr/lib/gcc/x86_64-pc-linux-gnu/9.2.1/include-fixed/limits.h:34,
                 from conftest.c:10:
/usr/include/features.h:397:4: warning: #warning _FORTIFY_SOURCE requires compiling with optimization (-O) [-Wcpp]
  397 | #  warning _FORTIFY_SOURCE requires compiling with optimization (-O)
      |    ^~~~~~~
configure:3323: $? = 0
configure:3337: gcc -E -D_FORTIFY_SOURCE=2 conftest.c
conftest.c:9:10: fatal error: ac_nonexistent.h: No such file or directory
    9 | #include <ac_nonexistent.h>
      |          ^~~~~~~~~~~~~~~~~~
compilation terminated.
configure:3337: $? = 1
configure: failed program was:
| /* confdefs.h */
| #define PACKAGE_NAME "plymouth"
| #define PACKAGE_TARNAME "plymouth"
| #define PACKAGE_VERSION "0.9.4"
| #define PACKAGE_STRING "plymouth 0.9.4"
| #define PACKAGE_BUGREPORT "https://bugs.freedesktop.org/enter_bug.cgi?product=plymouth"
| #define PACKAGE_URL ""
| /* end confdefs.h.  */
| #include <ac_nonexistent.h>
configure:3366: checking for grep that handles long lines and -e
configure:3424: result: /usr/bin/grep
configure:3429: checking for egrep
configure:3491: result: /usr/bin/grep -E
configure:3496: checking for ANSI C header files
configure:3516: gcc -c -march=x86-64 -mtune=generic -O2 -pipe -fno-plt -D_FORTIFY_SOURCE=2 conftest.c >&5
configure:3516: $? = 0
In file included from /usr/include/bits/libc-header-start.h:33,
                 from /usr/include/string.h:26,
                 from conftest.c:9:
/usr/include/features.h:397:4: warning: #warning _FORTIFY_SOURCE requires compiling with optimization (-O) [-Wcpp]
  397 | #  warning _FORTIFY_SOURCE requires compiling with optimization (-O)
      |    ^~~~~~~
In file included from /usr/include/bits/libc-header-start.h:33,
                 from /usr/include/stdlib.h:25,
                 from conftest.c:9:
/usr/include/features.h:397:4: warning: #warning _FORTIFY_SOURCE requires compiling with optimization (-O) [-Wcpp]
  397 | #  warning _FORTIFY_SOURCE requires compiling with optimization (-O)
      |    ^~~~~~~
configure:3589: gcc -o conftest -march=x86-64 -mtune=generic -O2 -pipe -fno-plt -D_FORTIFY_SOURCE=2 -Wl,-O1,--sort-common,--as-needed,-z,relro,-z,now -ludev conftest.c  >&5
configure:3589: $? = 0
configure:3589: ./conftest
configure:3589: $? = 0
configure:3600: result: yes
configure:3613: checking for sys/types.h
configure:3613: gcc -c -march=x86-64 -mtune=generic -O2 -pipe -fno-plt -D_FORTIFY_SOURCE=2 conftest.c >&5
configure:3613: $? = 0
configure:3613: result: yes
configure:3613: checking for sys/stat.h
configure:3613: gcc -c -march=x86-64 -mtune=generic -O2 -pipe -fno-plt -D_FORTIFY_SOURCE=2 conftest.c >&5
configure:3613: $? = 0
configure:3613: result: yes
configure:3613: checking for stdlib.h
configure:3613: gcc -c -march=x86-64 -mtune=generic -O2 -pipe -fno-plt -D_FORTIFY_SOURCE=2 conftest.c >&5
configure:3613: $? = 0
configure:3613: result: yes
configure:3613: checking for string.h
configure:3613: gcc -c -march=x86-64 -mtune=generic -O2 -pipe -fno-plt -D_FORTIFY_SOURCE=2 conftest.c >&5
configure:3613: $? = 0
configure:3613: result: yes
configure:3613: checking for memory.h
configure:3613: gcc -c -march=x86-64 -mtune=generic -O2 -pipe -fno-plt -D_FORTIFY_SOURCE=2 conftest.c >&5
configure:3613: $? = 0
configure:3613: result: yes
configure:3613: checking for strings.h
configure:3613: gcc -c -march=x86-64 -mtune=generic -O2 -pipe -fno-plt -D_FORTIFY_SOURCE=2 conftest.c >&5
configure:3613: $? = 0
configure:3613: result: yes
configure:3613: checking for inttypes.h
configure:3613: gcc -c -march=x86-64 -mtune=generic -O2 -pipe -fno-plt -D_FORTIFY_SOURCE=2 conftest.c >&5
configure:3613: $? = 0
configure:3613: result: yes
configure:3613: checking for stdint.h
configure:3613: gcc -c -march=x86-64 -mtune=generic -O2 -pipe -fno-plt -D_FORTIFY_SOURCE=2 conftest.c >&5
configure:3613: $? = 0
configure:3613: result: yes
configure:3613: checking for unistd.h
configure:3613: gcc -c -march=x86-64 -mtune=generic -O2 -pipe -fno-plt -D_FORTIFY_SOURCE=2 conftest.c >&5
configure:3613: $? = 0
configure:3613: result: yes
configure:3626: checking minix/config.h usability
configure:3626: gcc -c -march=x86-64 -mtune=generic -O2 -pipe -fno-plt -D_FORTIFY_SOURCE=2 conftest.c >&5
conftest.c:52:10: fatal error: minix/config.h: No such file or directory
   52 | #include <minix/config.h>
      |          ^~~~~~~~~~~~~~~~
compilation terminated.
configure:3626: $? = 1
configure: failed program was:
| /* confdefs.h */
| #define PACKAGE_NAME "plymouth"
| #define PACKAGE_TARNAME "plymouth"
| #define PACKAGE_VERSION "0.9.4"
| #define PACKAGE_STRING "plymouth 0.9.4"
| #define PACKAGE_BUGREPORT "https://bugs.freedesktop.org/enter_bug.cgi?product=plymouth"
| #define PACKAGE_URL ""
| #define STDC_HEADERS 1
| #define HAVE_SYS_TYPES_H 1
| #define HAVE_SYS_STAT_H 1
| #define HAVE_STDLIB_H 1
| #define HAVE_STRING_H 1
| #define HAVE_MEMORY_H 1
| #define HAVE_STRINGS_H 1
| #define HAVE_INTTYPES_H 1
| #define HAVE_STDINT_H 1
| #define HAVE_UNISTD_H 1
| /* end confdefs.h.  */
| #include <stdio.h>
| #ifdef HAVE_SYS_TYPES_H
| # include <sys/types.h>
| #endif
| #ifdef HAVE_SYS_STAT_H
| # include <sys/stat.h>
| #endif
| #ifdef STDC_HEADERS
| # include <stdlib.h>
| # include <stddef.h>
| #else
| # ifdef HAVE_STDLIB_H
| #  include <stdlib.h>
| # endif
| #endif
| #ifdef HAVE_STRING_H
| # if !defined STDC_HEADERS && defined HAVE_MEMORY_H
| #  include <memory.h>
| # endif
| # include <string.h>
| #endif
| #ifdef HAVE_STRINGS_H
| # include <strings.h>
| #endif
| #ifdef HAVE_INTTYPES_H
| # include <inttypes.h>
| #endif
| #ifdef HAVE_STDINT_H
| # include <stdint.h>
| #endif
| #ifdef HAVE_UNISTD_H
| # include <unistd.h>
| #endif
| #include <minix/config.h>
configure:3626: result: no
configure:3626: checking minix/config.h presence
configure:3626: gcc -E -D_FORTIFY_SOURCE=2 conftest.c
conftest.c:19:10: fatal error: minix/config.h: No such file or directory
   19 | #include <minix/config.h>
      |          ^~~~~~~~~~~~~~~~
compilation terminated.
configure:3626: $? = 1
configure: failed program was:
| /* confdefs.h */
| #define PACKAGE_NAME "plymouth"
| #define PACKAGE_TARNAME "plymouth"
| #define PACKAGE_VERSION "0.9.4"
| #define PACKAGE_STRING "plymouth 0.9.4"
| #define PACKAGE_BUGREPORT "https://bugs.freedesktop.org/enter_bug.cgi?product=plymouth"
| #define PACKAGE_URL ""
| #define STDC_HEADERS 1
| #define HAVE_SYS_TYPES_H 1
| #define HAVE_SYS_STAT_H 1
| #define HAVE_STDLIB_H 1
| #define HAVE_STRING_H 1
| #define HAVE_MEMORY_H 1
| #define HAVE_STRINGS_H 1
| #define HAVE_INTTYPES_H 1
| #define HAVE_STDINT_H 1
| #define HAVE_UNISTD_H 1
| /* end confdefs.h.  */
| #include <minix/config.h>
configure:3626: result: no
configure:3626: checking for minix/config.h
configure:3626: result: no
configure:3647: checking whether it is safe to define __EXTENSIONS__
configure:3665: gcc -c -march=x86-64 -mtune=generic -O2 -pipe -fno-plt -D_FORTIFY_SOURCE=2 conftest.c >&5
configure:3665: $? = 0
configure:3672: result: yes
configure:3693: checking for special C compiler options needed for large files
configure:3738: result: no
configure:3744: checking for _FILE_OFFSET_BITS value needed for large files
configure:3769: gcc -c -march=x86-64 -mtune=generic -O2 -pipe -fno-plt -D_FORTIFY_SOURCE=2 conftest.c >&5
configure:3769: $? = 0
configure:3801: result: no
configure:3890: checking for gawk
configure:3906: found /usr/bin/gawk
configure:3917: result: gawk
configure:3932: checking for gcc option to accept ISO C99
configure:4081: gcc  -c -march=x86-64 -mtune=generic -O2 -pipe -fno-plt -D_FORTIFY_SOURCE=2 conftest.c >&5
configure:4081: $? = 0
configure:4094: result: none needed
configure:4202: checking for gcc option to accept ISO Standard C
configure:4213: result: none needed
configure:4221: checking for ANSI C header files
configure:4325: result: yes
configure:4333: checking for an ANSI C-conforming const
configure:4399: gcc -c -march=x86-64 -mtune=generic -O2 -pipe -fno-plt -D_FORTIFY_SOURCE=2 conftest.c >&5
configure:4399: $? = 0
configure:4406: result: yes
configure:4431: checking for a BSD-compatible install
configure:4499: result: /usr/bin/install -c
configure:4510: checking whether build environment is sane
configure:4565: result: yes
configure:4711: checking for a thread-safe mkdir -p
configure:4750: result: /usr/bin/mkdir -p
configure:4753: checking whether make sets $(MAKE)
configure:4775: result: yes
configure:4805: checking for style of include used by make
configure:4833: result: GNU
configure:4867: checking whether make supports nested variables
configure:4884: result: yes
configure:4969: checking dependency style of gcc
configure:5080: result: gcc3
configure:5149: checking whether make supports nested variables
configure:5166: result: yes
configure:5178: checking whether to enable maintainer-specific portions of Makefiles
configure:5187: result: yes
configure:5255: checking for pkg-config
configure:5273: found /usr/bin/pkg-config
configure:5285: result: /usr/bin/pkg-config
configure:5310: checking pkg-config is at least version 0.9.0
configure:5313: result: yes
configure:5350: checking build system type
configure:5364: result: x86_64-pc-linux-gnu
configure:5384: checking host system type
configure:5397: result: x86_64-pc-linux-gnu
configure:5438: checking how to print strings
configure:5465: result: printf
configure:5486: checking for a sed that does not truncate output
configure:5550: result: /usr/bin/sed
configure:5568: checking for fgrep
configure:5630: result: /usr/bin/grep -F
configure:5665: checking for ld used by gcc
configure:5732: result: /usr/bin/ld
configure:5739: checking if the linker (/usr/bin/ld) is GNU ld
configure:5754: result: yes
configure:5766: checking for BSD- or MS-compatible name lister (nm)
configure:5820: result: /usr/bin/nm -B
configure:5950: checking the name lister (/usr/bin/nm -B) interface
configure:5957: gcc -c -march=x86-64 -mtune=generic -O2 -pipe -fno-plt -D_FORTIFY_SOURCE=2 conftest.c >&5
configure:5960: /usr/bin/nm -B "conftest.o"
configure:5963: output
0000000000000000 B some_variable
configure:5964: result: BSD nm
configure:5967: checking whether ln -s works
configure:5971: result: yes
configure:5979: checking the maximum length of command line arguments
configure:6110: result: 1572864
configure:6158: checking how to convert x86_64-pc-linux-gnu file names to x86_64-pc-linux-gnu format
configure:6198: result: func_convert_file_noop
configure:6205: checking how to convert x86_64-pc-linux-gnu file names to toolchain format
configure:6225: result: func_convert_file_noop
configure:6232: checking for /usr/bin/ld option to reload object files
configure:6239: result: -r
configure:6313: checking for objdump
configure:6329: found /usr/bin/objdump
configure:6340: result: objdump
configure:6372: checking how to recognize dependent libraries
configure:6572: result: pass_all
configure:6657: checking for dlltool
configure:6687: result: no
configure:6717: checking how to associate runtime and link libraries
configure:6744: result: printf %s\n
configure:6804: checking for ar
configure:6820: found /usr/bin/ar
configure:6831: result: ar
configure:6868: checking for archiver @FILE support
configure:6885: gcc -c -march=x86-64 -mtune=generic -O2 -pipe -fno-plt -D_FORTIFY_SOURCE=2 conftest.c >&5
configure:6885: $? = 0
configure:6888: ar cru libconftest.a @conftest.lst >&5
ar: `u' modifier ignored since `D' is the default (see `U')
configure:6891: $? = 0
configure:6896: ar cru libconftest.a @conftest.lst >&5
ar: `u' modifier ignored since `D' is the default (see `U')
ar: conftest.o: No such file or directory
configure:6899: $? = 1
configure:6898: result: @
configure:6956: checking for strip
configure:6972: found /usr/bin/strip
configure:6983: result: strip
configure:7055: checking for ranlib
configure:7071: found /usr/bin/ranlib
configure:7082: result: ranlib
configure:7184: checking command to parse /usr/bin/nm -B output from gcc object
configure:7337: gcc -c -march=x86-64 -mtune=generic -O2 -pipe -fno-plt -D_FORTIFY_SOURCE=2 conftest.c >&5
configure:7340: $? = 0
configure:7344: /usr/bin/nm -B conftest.o \| sed -n -e 's/^.*[ ]\([ABCDGIRSTW][ABCDGIRSTW]*\)[ ][ ]*\([_A-Za-z][_A-Za-z0-9]*\)$/\1 \2 \2/p' | sed '/ __gnu_lto/d' \> conftest.nm
configure:7347: $? = 0
configure:7413: gcc -o conftest -march=x86-64 -mtune=generic -O2 -pipe -fno-plt -D_FORTIFY_SOURCE=2 -Wl,-O1,--sort-common,--as-needed,-z,relro,-z,now -ludev conftest.c conftstm.o >&5
configure:7416: $? = 0
configure:7454: result: ok
configure:7501: checking for sysroot
configure:7531: result: no
configure:7538: checking for a working dd
configure:7576: result: /usr/bin/dd
configure:7580: checking how to truncate binary pipes
configure:7595: result: /usr/bin/dd bs=4096 count=1
configure:7731: gcc -c -march=x86-64 -mtune=generic -O2 -pipe -fno-plt -D_FORTIFY_SOURCE=2 conftest.c >&5
configure:7734: $? = 0
configure:7924: checking for mt
configure:7954: result: no
configure:7974: checking if : is a manifest tool
configure:7980: : '-?'
configure:7988: result: no
configure:8662: checking for dlfcn.h
configure:8662: gcc -c -march=x86-64 -mtune=generic -O2 -pipe -fno-plt -D_FORTIFY_SOURCE=2 conftest.c >&5
configure:8662: $? = 0
configure:8662: result: yes
configure:8915: checking for objdir
configure:8930: result: .libs
configure:9190: checking if gcc supports -fno-rtti -fno-exceptions
configure:9208: gcc -c -march=x86-64 -mtune=generic -O2 -pipe -fno-plt -D_FORTIFY_SOURCE=2 -fno-rtti -fno-exceptions conftest.c >&5
cc1: warning: command line option '-fno-rtti' is valid for C++/D/ObjC++ but not for C
configure:9212: $? = 0
configure:9225: result: no
configure:9583: checking for gcc option to produce PIC
configure:9590: result: -fPIC -DPIC
configure:9598: checking if gcc PIC flag -fPIC -DPIC works
configure:9616: gcc -c -march=x86-64 -mtune=generic -O2 -pipe -fno-plt -D_FORTIFY_SOURCE=2 -fPIC -DPIC -DPIC conftest.c >&5
configure:9620: $? = 0
configure:9633: result: yes
configure:9662: checking if gcc static flag -static works
configure:9690: result: no
configure:9705: checking if gcc supports -c -o file.o
configure:9726: gcc -c -march=x86-64 -mtune=generic -O2 -pipe -fno-plt -D_FORTIFY_SOURCE=2 -o out/conftest2.o conftest.c >&5
configure:9730: $? = 0
configure:9752: result: yes
configure:9760: checking if gcc supports -c -o file.o
configure:9807: result: yes
configure:9840: checking whether the gcc linker (/usr/bin/ld -m elf_x86_64) supports shared libraries
configure:11099: result: yes
configure:11136: checking whether -lc should be explicitly linked in
configure:11144: gcc -c -march=x86-64 -mtune=generic -O2 -pipe -fno-plt -D_FORTIFY_SOURCE=2 conftest.c >&5
configure:11147: $? = 0
configure:11162: gcc -shared  -fPIC -DPIC conftest.o  -v -Wl,-soname -Wl,conftest -o conftest 2\>\&1 \| /usr/bin/grep  -lc  \>/dev/null 2\>\&1
configure:11165: $? = 0
configure:11179: result: no
configure:11339: checking dynamic linker characteristics
configure:11920: gcc -o conftest -march=x86-64 -mtune=generic -O2 -pipe -fno-plt -D_FORTIFY_SOURCE=2 -Wl,-O1,--sort-common,--as-needed,-z,relro,-z,now -ludev -Wl,-rpath -Wl,/foo conftest.c  >&5
configure:11920: $? = 0
configure:12160: result: GNU/Linux ld.so
configure:12282: checking how to hardcode library paths into programs
configure:12307: result: immediate
configure:12409: checking for shl_load
configure:12409: gcc -o conftest -march=x86-64 -mtune=generic -O2 -pipe -fno-plt -D_FORTIFY_SOURCE=2 -Wl,-O1,--sort-common,--as-needed,-z,relro,-z,now -ludev conftest.c  >&5
/usr/bin/ld: /tmp/ccNNX2zT.o: in function `main':
conftest.c:(.text.startup+0x8): undefined reference to `shl_load'
collect2: error: ld returned 1 exit status
configure:12409: $? = 1
configure: failed program was:
| /* confdefs.h */
| #define PACKAGE_NAME "plymouth"
| #define PACKAGE_TARNAME "plymouth"
| #define PACKAGE_VERSION "0.9.4"
| #define PACKAGE_STRING "plymouth 0.9.4"
| #define PACKAGE_BUGREPORT "https://bugs.freedesktop.org/enter_bug.cgi?product=plymouth"
| #define PACKAGE_URL ""
| #define STDC_HEADERS 1
| #define HAVE_SYS_TYPES_H 1
| #define HAVE_SYS_STAT_H 1
| #define HAVE_STDLIB_H 1
| #define HAVE_STRING_H 1
| #define HAVE_MEMORY_H 1
| #define HAVE_STRINGS_H 1
| #define HAVE_INTTYPES_H 1
| #define HAVE_STDINT_H 1
| #define HAVE_UNISTD_H 1
| #define __EXTENSIONS__ 1
| #define _ALL_SOURCE 1
| #define _GNU_SOURCE 1
| #define _POSIX_PTHREAD_SEMANTICS 1
| #define _TANDEM_SOURCE 1
| #define STDC_HEADERS 1
| #define PACKAGE "plymouth"
| #define VERSION "0.9.4"
| #define HAVE_DLFCN_H 1
| #define LT_OBJDIR ".libs/"
| /* end confdefs.h.  */
| /* Define shl_load to an innocuous variant, in case <limits.h> declares shl_load.
|    For example, HP-UX 11i <limits.h> declares gettimeofday.  */
| #define shl_load innocuous_shl_load
| 
| /* System header to define __stub macros and hopefully few prototypes,
|     which can conflict with char shl_load (); below.
|     Prefer <limits.h> to <assert.h> if __STDC__ is defined, since
|     <limits.h> exists even on freestanding compilers.  */
| 
| #ifdef __STDC__
| # include <limits.h>
| #else
| # include <assert.h>
| #endif
| 
| #undef shl_load
| 
| /* Override any GCC internal prototype to avoid an error.
|    Use char because int might match the return type of a GCC
|    builtin and then its argument prototype would still apply.  */
| #ifdef __cplusplus
| extern "C"
| #endif
| char shl_load ();
| /* The GNU C library defines this for functions which it implements
|     to always fail with ENOSYS.  Some functions are actually named
|     something starting with __ and the normal name is an alias.  */
| #if defined __stub_shl_load || defined __stub___shl_load
| choke me
| #endif
| 
| int
| main ()
| {
| return shl_load ();
|   ;
|   return 0;
| }
configure:12409: result: no
configure:12413: checking for shl_load in -ldld
configure:12438: gcc -o conftest -march=x86-64 -mtune=generic -O2 -pipe -fno-plt -D_FORTIFY_SOURCE=2 -Wl,-O1,--sort-common,--as-needed,-z,relro,-z,now -ludev conftest.c -ldld   >&5
/usr/bin/ld: cannot find -ldld
collect2: error: ld returned 1 exit status
configure:12438: $? = 1
configure: failed program was:
| /* confdefs.h */
| #define PACKAGE_NAME "plymouth"
| #define PACKAGE_TARNAME "plymouth"
| #define PACKAGE_VERSION "0.9.4"
| #define PACKAGE_STRING "plymouth 0.9.4"
| #define PACKAGE_BUGREPORT "https://bugs.freedesktop.org/enter_bug.cgi?product=plymouth"
| #define PACKAGE_URL ""
| #define STDC_HEADERS 1
| #define HAVE_SYS_TYPES_H 1
| #define HAVE_SYS_STAT_H 1
| #define HAVE_STDLIB_H 1
| #define HAVE_STRING_H 1
| #define HAVE_MEMORY_H 1
| #define HAVE_STRINGS_H 1
| #define HAVE_INTTYPES_H 1
| #define HAVE_STDINT_H 1
| #define HAVE_UNISTD_H 1
| #define __EXTENSIONS__ 1
| #define _ALL_SOURCE 1
| #define _GNU_SOURCE 1
| #define _POSIX_PTHREAD_SEMANTICS 1
| #define _TANDEM_SOURCE 1
| #define STDC_HEADERS 1
| #define PACKAGE "plymouth"
| #define VERSION "0.9.4"
| #define HAVE_DLFCN_H 1
| #define LT_OBJDIR ".libs/"
| /* end confdefs.h.  */
| 
| /* Override any GCC internal prototype to avoid an error.
|    Use char because int might match the return type of a GCC
|    builtin and then its argument prototype would still apply.  */
| #ifdef __cplusplus
| extern "C"
| #endif
| char shl_load ();
| int
| main ()
| {
| return shl_load ();
|   ;
|   return 0;
| }
configure:12447: result: no
configure:12452: checking for dlopen
configure:12452: gcc -o conftest -march=x86-64 -mtune=generic -O2 -pipe -fno-plt -D_FORTIFY_SOURCE=2 -Wl,-O1,--sort-common,--as-needed,-z,relro,-z,now -ludev conftest.c  >&5
/usr/bin/ld: /tmp/ccuIGMc2.o: in function `main':
conftest.c:(.text.startup+0x8): undefined reference to `dlopen'
collect2: error: ld returned 1 exit status
configure:12452: $? = 1
configure: failed program was:
| /* confdefs.h */
| #define PACKAGE_NAME "plymouth"
| #define PACKAGE_TARNAME "plymouth"
| #define PACKAGE_VERSION "0.9.4"
| #define PACKAGE_STRING "plymouth 0.9.4"
| #define PACKAGE_BUGREPORT "https://bugs.freedesktop.org/enter_bug.cgi?product=plymouth"
| #define PACKAGE_URL ""
| #define STDC_HEADERS 1
| #define HAVE_SYS_TYPES_H 1
| #define HAVE_SYS_STAT_H 1
| #define HAVE_STDLIB_H 1
| #define HAVE_STRING_H 1
| #define HAVE_MEMORY_H 1
| #define HAVE_STRINGS_H 1
| #define HAVE_INTTYPES_H 1
| #define HAVE_STDINT_H 1
| #define HAVE_UNISTD_H 1
| #define __EXTENSIONS__ 1
| #define _ALL_SOURCE 1
| #define _GNU_SOURCE 1
| #define _POSIX_PTHREAD_SEMANTICS 1
| #define _TANDEM_SOURCE 1
| #define STDC_HEADERS 1
| #define PACKAGE "plymouth"
| #define VERSION "0.9.4"
| #define HAVE_DLFCN_H 1
| #define LT_OBJDIR ".libs/"
| /* end confdefs.h.  */
| /* Define dlopen to an innocuous variant, in case <limits.h> declares dlopen.
|    For example, HP-UX 11i <limits.h> declares gettimeofday.  */
| #define dlopen innocuous_dlopen
| 
| /* System header to define __stub macros and hopefully few prototypes,
|     which can conflict with char dlopen (); below.
|     Prefer <limits.h> to <assert.h> if __STDC__ is defined, since
|     <limits.h> exists even on freestanding compilers.  */
| 
| #ifdef __STDC__
| # include <limits.h>
| #else
| # include <assert.h>
| #endif
| 
| #undef dlopen
| 
| /* Override any GCC internal prototype to avoid an error.
|    Use char because int might match the return type of a GCC
|    builtin and then its argument prototype would still apply.  */
| #ifdef __cplusplus
| extern "C"
| #endif
| char dlopen ();
| /* The GNU C library defines this for functions which it implements
|     to always fail with ENOSYS.  Some functions are actually named
|     something starting with __ and the normal name is an alias.  */
| #if defined __stub_dlopen || defined __stub___dlopen
| choke me
| #endif
| 
| int
| main ()
| {
| return dlopen ();
|   ;
|   return 0;
| }
configure:12452: result: no
configure:12456: checking for dlopen in -ldl
configure:12481: gcc -o conftest -march=x86-64 -mtune=generic -O2 -pipe -fno-plt -D_FORTIFY_SOURCE=2 -Wl,-O1,--sort-common,--as-needed,-z,relro,-z,now -ludev conftest.c -ldl   >&5
configure:12481: $? = 0
configure:12490: result: yes
configure:12609: checking whether a program can dlopen itself
configure:12689: gcc -o conftest -march=x86-64 -mtune=generic -O2 -pipe -fno-plt -D_FORTIFY_SOURCE=2 -DHAVE_DLFCN_H -Wl,-O1,--sort-common,--as-needed,-z,relro,-z,now -ludev -Wl,--export-dynamic conftest.c -ldl  >&5
configure:12692: $? = 0
configure:12710: result: yes
configure:12715: checking whether a statically linked program can dlopen itself
configure:12795: gcc -o conftest -march=x86-64 -mtune=generic -O2 -pipe -fno-plt -D_FORTIFY_SOURCE=2 -DHAVE_DLFCN_H -Wl,-O1,--sort-common,--as-needed,-z,relro,-z,now -ludev -Wl,--export-dynamic  conftest.c -ldl  >&5
configure:12798: $? = 0
configure:12816: result: yes
configure:12855: checking whether stripping libraries is possible
configure:12860: result: yes
configure:12895: checking if libtool supports shared libraries
configure:12897: result: yes
configure:12900: checking whether to build shared libraries
configure:12925: result: yes
configure:12928: checking whether to build static libraries
configure:12932: result: no
configure:9777: checking for IMAGE
configure:9784: $PKG_CONFIG --exists --print-errors "libpng >= 1.2.16 "
configure:9787: $? = 0
configure:9801: $PKG_CONFIG --exists --print-errors "libpng >= 1.2.16 "
configure:9804: $? = 0
configure:9862: result: yes
configure:9881: checking for UDEV
configure:9888: $PKG_CONFIG --exists --print-errors "libudev"
configure:9891: $? = 0
configure:9905: $PKG_CONFIG --exists --print-errors "libudev"
configure:9908: $? = 0
configure:9946: result: yes
configure:9969: checking for systemd-tty-ask-password-agent
configure:9987: found /usr/bin/systemd-tty-ask-password-agent
configure:9999: result: /usr/bin/systemd-tty-ask-password-agent
configure:10009: checking for udevadm
configure:10027: found /usr/bin/udevadm
configure:10039: result: /usr/bin/udevadm
configure:10067: checking for PANGO
configure:10074: $PKG_CONFIG --exists --print-errors "pangocairo >= 1.21.0 "
configure:10077: $? = 0
configure:10091: $PKG_CONFIG --exists --print-errors "pangocairo >= 1.21.0 "
configure:10094: $? = 0
configure:10152: result: yes
configure:10291: checking for DRM
configure:10298: $PKG_CONFIG --exists --print-errors "libdrm"
configure:10301: $? = 0
configure:10315: $PKG_CONFIG --exists --print-errors "libdrm"
configure:10318: $? = 0
configure:10376: result: yes
configure:10392: checking for xsltproc
configure:10410: found /usr/bin/xsltproc
configure:10422: result: /usr/bin/xsltproc
configure:11024: checking for more warnings
configure:11038: result: no
configure:11050: checking for supported warning flags
configure:11072: checking whether gcc supports -Wall
configure:11089: gcc -c -march=x86-64 -mtune=generic -O2 -pipe -fno-plt -Wall -D_FORTIFY_SOURCE=2 conftest.c >&5
configure:11089: $? = 0
configure:11102: result: yes
configure:11072: checking whether gcc supports -Wno-sign-compare
configure:11089: gcc -c -march=x86-64 -mtune=generic -O2 -pipe -fno-plt -Wno-sign-compare -D_FORTIFY_SOURCE=2 conftest.c >&5
configure:11089: $? = 0
configure:11102: result: yes
configure:11072: checking whether gcc supports -Wno-deprecated-declarations
configure:11089: gcc -c -march=x86-64 -mtune=generic -O2 -pipe -fno-plt -Wno-deprecated-declarations -D_FORTIFY_SOURCE=2 conftest.c >&5
configure:11089: $? = 0
configure:11102: result: yes
configure:11110: checking which warning flags were supported
configure:11113: result:  -Wall -Wno-sign-compare -Wno-deprecated-declarations
configure:11457: checking that generated files are newer than configure
configure:11463: result: done
configure:11526: creating ./config.status

## ---------------------- ##
## Running config.status. ##
## ---------------------- ##

This file was extended by plymouth config.status 0.9.4, which was
generated by GNU Autoconf 2.69.  Invocation command line was

  CONFIG_FILES    = 
  CONFIG_HEADERS  = 
  CONFIG_LINKS    = 
  CONFIG_COMMANDS = 
  $ ./config.status 

on desktop

config.status:1212: creating Makefile
config.status:1212: creating src/libply/Makefile
config.status:1212: creating src/libply-splash-core/Makefile
config.status:1212: creating src/libply-splash-graphics/Makefile
config.status:1212: creating src/ply-splash-core.pc
config.status:1212: creating src/ply-splash-graphics.pc
config.status:1212: creating src/plugins/Makefile
config.status:1212: creating src/plugins/renderers/Makefile
config.status:1212: creating src/plugins/renderers/frame-buffer/Makefile
config.status:1212: creating src/plugins/renderers/drm/Makefile
config.status:1212: creating src/plugins/renderers/x11/Makefile
config.status:1212: creating src/plugins/splash/Makefile
config.status:1212: creating src/plugins/splash/throbgress/Makefile
config.status:1212: creating src/plugins/splash/fade-throbber/Makefile
config.status:1212: creating src/plugins/splash/tribar/Makefile
config.status:1212: creating src/plugins/splash/text/Makefile
config.status:1212: creating src/plugins/splash/details/Makefile
config.status:1212: creating src/plugins/splash/space-flares/Makefile
config.status:1212: creating src/plugins/splash/two-step/Makefile
config.status:1212: creating src/plugins/splash/script/Makefile
config.status:1212: creating src/plugins/controls/Makefile
config.status:1212: creating src/plugins/controls/label/Makefile
config.status:1212: creating src/Makefile
config.status:1212: creating src/client/ply-boot-client.pc
config.status:1212: creating src/client/Makefile
config.status:1212: creating src/upstart-bridge/Makefile
config.status:1212: creating themes/Makefile
config.status:1212: creating themes/spinfinity/Makefile
config.status:1212: creating themes/fade-in/Makefile
config.status:1212: creating themes/tribar/Makefile
config.status:1212: creating themes/text/Makefile
config.status:1212: creating themes/details/Makefile
config.status:1212: creating themes/solar/Makefile
config.status:1212: creating themes/glow/Makefile
config.status:1212: creating themes/spinner/Makefile
config.status:1212: creating themes/script/Makefile
config.status:1212: creating images/Makefile
config.status:1212: creating scripts/plymouth-generate-initrd
config.status:1212: creating scripts/plymouth-populate-initrd
config.status:1212: creating scripts/plymouth-set-default-theme
config.status:1212: creating scripts/Makefile
config.status:1212: creating systemd-units/plymouth-halt.service
config.status:1212: creating systemd-units/plymouth-kexec.service
config.status:1212: creating systemd-units/plymouth-poweroff.service
config.status:1212: creating systemd-units/plymouth-quit.service
config.status:1212: creating systemd-units/plymouth-quit-wait.service
config.status:1212: creating systemd-units/plymouth-read-write.service
config.status:1212: creating systemd-units/plymouth-reboot.service
config.status:1212: creating systemd-units/plymouth-start.service
config.status:1212: creating systemd-units/plymouth-switch-root.service
config.status:1212: creating systemd-units/systemd-ask-password-plymouth.path
config.status:1212: creating systemd-units/systemd-ask-password-plymouth.service
config.status:1212: creating systemd-units/Makefile
config.status:1212: creating docs/Makefile
config.status:1212: creating config.h
config.status:1441: executing depfiles commands
config.status:1441: executing libtool commands
configure:13718: WARNING: unrecognized options: --disable-tests

## ---------------- ##
## Cache variables. ##
## ---------------- ##

ac_cv_build=x86_64-pc-linux-gnu
ac_cv_c_compiler_gnu=yes
ac_cv_c_const=yes
ac_cv_env_CC_set=
ac_cv_env_CC_value=
ac_cv_env_CFLAGS_set=set
ac_cv_env_CFLAGS_value='-march=x86-64 -mtune=generic -O2 -pipe -fno-plt'
ac_cv_env_CPPFLAGS_set=set
ac_cv_env_CPPFLAGS_value=-D_FORTIFY_SOURCE=2
ac_cv_env_CPP_set=
ac_cv_env_CPP_value=
ac_cv_env_DBUS_CFLAGS_set=
ac_cv_env_DBUS_CFLAGS_value=
ac_cv_env_DBUS_LIBS_set=
ac_cv_env_DBUS_LIBS_value=
ac_cv_env_DRM_CFLAGS_set=
ac_cv_env_DRM_CFLAGS_value=
ac_cv_env_DRM_LIBS_set=
ac_cv_env_DRM_LIBS_value=
ac_cv_env_GTK_CFLAGS_set=
ac_cv_env_GTK_CFLAGS_value=
ac_cv_env_GTK_LIBS_set=
ac_cv_env_GTK_LIBS_value=
ac_cv_env_IMAGE_CFLAGS_set=
ac_cv_env_IMAGE_CFLAGS_value=
ac_cv_env_IMAGE_LIBS_set=
ac_cv_env_IMAGE_LIBS_value=
ac_cv_env_LDFLAGS_set=set
ac_cv_env_LDFLAGS_value='-Wl,-O1,--sort-common,--as-needed,-z,relro,-z,now -ludev'
ac_cv_env_LIBS_set=
ac_cv_env_LIBS_value=
ac_cv_env_LT_SYS_LIBRARY_PATH_set=
ac_cv_env_LT_SYS_LIBRARY_PATH_value=
ac_cv_env_PANGO_CFLAGS_set=
ac_cv_env_PANGO_CFLAGS_value=
ac_cv_env_PANGO_LIBS_set=
ac_cv_env_PANGO_LIBS_value=
ac_cv_env_PKG_CONFIG_LIBDIR_set=
ac_cv_env_PKG_CONFIG_LIBDIR_value=
ac_cv_env_PKG_CONFIG_PATH_set=
ac_cv_env_PKG_CONFIG_PATH_value=
ac_cv_env_PKG_CONFIG_set=
ac_cv_env_PKG_CONFIG_value=
ac_cv_env_UDEV_CFLAGS_set=
ac_cv_env_UDEV_CFLAGS_value=
ac_cv_env_UDEV_LIBS_set=
ac_cv_env_UDEV_LIBS_value=
ac_cv_env_build_alias_set=
ac_cv_env_build_alias_value=
ac_cv_env_host_alias_set=
ac_cv_env_host_alias_value=
ac_cv_env_target_alias_set=
ac_cv_env_target_alias_value=
ac_cv_func_dlopen=no
ac_cv_func_shl_load=no
ac_cv_header_dlfcn_h=yes
ac_cv_header_inttypes_h=yes
ac_cv_header_memory_h=yes
ac_cv_header_minix_config_h=no
ac_cv_header_stdc=yes
ac_cv_header_stdint_h=yes
ac_cv_header_stdlib_h=yes
ac_cv_header_string_h=yes
ac_cv_header_strings_h=yes
ac_cv_header_sys_stat_h=yes
ac_cv_header_sys_types_h=yes
ac_cv_header_unistd_h=yes
ac_cv_host=x86_64-pc-linux-gnu
ac_cv_lib_dl_dlopen=yes
ac_cv_lib_dld_shl_load=no
ac_cv_objext=o
ac_cv_path_EGREP='/usr/bin/grep -E'
ac_cv_path_FGREP='/usr/bin/grep -F'
ac_cv_path_GREP=/usr/bin/grep
ac_cv_path_SED=/usr/bin/sed
ac_cv_path_SYSTEMD_ASK_PASSWORD_AGENT=/usr/bin/systemd-tty-ask-password-agent
ac_cv_path_UDEVADM=/usr/bin/udevadm
ac_cv_path_XSLTPROC=/usr/bin/xsltproc
ac_cv_path_ac_pt_PKG_CONFIG=/usr/bin/pkg-config
ac_cv_path_install='/usr/bin/install -c'
ac_cv_path_lt_DD=/usr/bin/dd
ac_cv_path_mkdir=/usr/bin/mkdir
ac_cv_prog_AWK=gawk
ac_cv_prog_CPP='gcc -E'
ac_cv_prog_ac_ct_AR=ar
ac_cv_prog_ac_ct_CC=gcc
ac_cv_prog_ac_ct_OBJDUMP=objdump
ac_cv_prog_ac_ct_RANLIB=ranlib
ac_cv_prog_ac_ct_STRIP=strip
ac_cv_prog_cc_c89=
ac_cv_prog_cc_c99=
ac_cv_prog_cc_g=yes
ac_cv_prog_cc_stdc=
ac_cv_prog_make_make_set=yes
ac_cv_safe_to_define___extensions__=yes
ac_cv_sys_file_offset_bits=no
ac_cv_sys_largefile_CC=no
am_cv_CC_dependencies_compiler_type=gcc3
am_cv_make_support_nested_variables=yes
am_cv_prog_cc_c_o=yes
lt_cv_ar_at_file=@
lt_cv_archive_cmds_need_lc=no
lt_cv_deplibs_check_method=pass_all
lt_cv_dlopen=dlopen
lt_cv_dlopen_libs=-ldl
lt_cv_dlopen_self=yes
lt_cv_dlopen_self_static=yes
lt_cv_file_magic_cmd='$MAGIC_CMD'
lt_cv_file_magic_test_file=
lt_cv_ld_reload_flag=-r
lt_cv_nm_interface='BSD nm'
lt_cv_objdir=.libs
lt_cv_path_LD=/usr/bin/ld
lt_cv_path_NM='/usr/bin/nm -B'
lt_cv_path_mainfest_tool=no
lt_cv_prog_compiler_c_o=yes
lt_cv_prog_compiler_pic='-fPIC -DPIC'
lt_cv_prog_compiler_pic_works=yes
lt_cv_prog_compiler_rtti_exceptions=no
lt_cv_prog_compiler_static_works=no
lt_cv_prog_gnu_ld=yes
lt_cv_sharedlib_from_linklib_cmd='printf %s\n'
lt_cv_shlibpath_overrides_runpath=no
lt_cv_sys_global_symbol_pipe='sed -n -e '\''s/^.*[	 ]\([ABCDGIRSTW][ABCDGIRSTW]*\)[	 ][	 ]*\([_A-Za-z][_A-Za-z0-9]*\)$/\1 \2 \2/p'\'' | sed '\''/ __gnu_lto/d'\'''
lt_cv_sys_global_symbol_to_c_name_address='sed -n -e '\''s/^: \(.*\) .*$/  {"\1", (void *) 0},/p'\'' -e '\''s/^[ABCDGIRSTW][ABCDGIRSTW]* .* \(.*\)$/  {"\1", (void *) \&\1},/p'\'''
lt_cv_sys_global_symbol_to_c_name_address_lib_prefix='sed -n -e '\''s/^: \(.*\) .*$/  {"\1", (void *) 0},/p'\'' -e '\''s/^[ABCDGIRSTW][ABCDGIRSTW]* .* \(lib.*\)$/  {"\1", (void *) \&\1},/p'\'' -e '\''s/^[ABCDGIRSTW][ABCDGIRSTW]* .* \(.*\)$/  {"lib\1", (void *) \&\1},/p'\'''
lt_cv_sys_global_symbol_to_cdecl='sed -n -e '\''s/^T .* \(.*\)$/extern int \1();/p'\'' -e '\''s/^[ABCDGIRSTW][ABCDGIRSTW]* .* \(.*\)$/extern char \1;/p'\'''
lt_cv_sys_global_symbol_to_import=
lt_cv_sys_max_cmd_len=1572864
lt_cv_to_host_file_cmd=func_convert_file_noop
lt_cv_to_tool_file_cmd=func_convert_file_noop
lt_cv_truncate_bin='/usr/bin/dd bs=4096 count=1'
pkg_cv_DRM_CFLAGS='-I/usr/include/libdrm '
pkg_cv_DRM_LIBS='-ldrm '
pkg_cv_IMAGE_CFLAGS='-I/usr/include/libpng16 '
pkg_cv_IMAGE_LIBS='-lpng16 -lz '
pkg_cv_PANGO_CFLAGS='-I/usr/include/pango-1.0 -I/usr/include/glib-2.0 -I/usr/lib/glib-2.0/include -I/usr/lib/libffi-3.2.1/include -I/usr/include/harfbuzz -I/usr/include/fribidi -I/usr/include/freetype2 -I/usr/include/libpng16 -I/usr/include/cairo -I/usr/include/pixman-1 '
pkg_cv_PANGO_LIBS='-lpangocairo-1.0 -lpango-1.0 -lgobject-2.0 -lglib-2.0 -lharfbuzz -lcairo '
pkg_cv_UDEV_CFLAGS=
pkg_cv_UDEV_LIBS='-ludev '
plymouth_cv_warn_cflags=' -Wall -Wno-sign-compare -Wno-deprecated-declarations'
plymouth_cv_warn_maybe='-Wall -Wno-sign-compare -Wno-deprecated-declarations'

## ----------------- ##
## Output variables. ##
## ----------------- ##

ACLOCAL='${SHELL} /home/leandromqrs/archlinux/pkgs/plymouth/src/plymouth-0.9.4/build-tools/missing aclocal-1.15'
AMDEPBACKSLASH='\'
AMDEP_FALSE='#'
AMDEP_TRUE=''
AMTAR='$${TAR-tar}'
AM_BACKSLASH='\'
AM_DEFAULT_V='$(AM_DEFAULT_VERBOSITY)'
AM_DEFAULT_VERBOSITY='0'
AM_V='$(V)'
AR='ar'
AUTOCONF='${SHELL} /home/leandromqrs/archlinux/pkgs/plymouth/src/plymouth-0.9.4/build-tools/missing autoconf'
AUTOHEADER='${SHELL} /home/leandromqrs/archlinux/pkgs/plymouth/src/plymouth-0.9.4/build-tools/missing autoheader'
AUTOMAKE='${SHELL} /home/leandromqrs/archlinux/pkgs/plymouth/src/plymouth-0.9.4/build-tools/missing automake-1.15'
AWK='gawk'
BUILD_DOCUMENTATION_FALSE='#'
BUILD_DOCUMENTATION_TRUE=''
CC='gcc'
CCDEPMODE='depmode=gcc3'
CFLAGS='-march=x86-64 -mtune=generic -O2 -pipe -fno-plt'
CPP='gcc -E'
CPPFLAGS='-D_FORTIFY_SOURCE=2'
CURSES_LIBS=''
CYGPATH_W='echo'
DBUS_CFLAGS=''
DBUS_LIBS=''
DEFS='-DHAVE_CONFIG_H'
DEPDIR='.deps'
DLLTOOL='false'
DRM_CFLAGS='-I/usr/include/libdrm '
DRM_LIBS='-ldrm '
DSYMUTIL=''
DUMPBIN=''
ECHO_C=''
ECHO_N='-n'
ECHO_T=''
EGREP='/usr/bin/grep -E'
ENABLE_DRM_RENDERER_FALSE='#'
ENABLE_DRM_RENDERER_TRUE=''
ENABLE_GTK_FALSE=''
ENABLE_GTK_TRUE='#'
ENABLE_PANGO_FALSE='#'
ENABLE_PANGO_TRUE=''
ENABLE_SYSTEMD_INTEGRATION_FALSE='#'
ENABLE_SYSTEMD_INTEGRATION_TRUE=''
ENABLE_UPSTART_MONITORING_FALSE=''
ENABLE_UPSTART_MONITORING_TRUE='#'
EXEEXT=''
FGREP='/usr/bin/grep -F'
GREP='/usr/bin/grep'
GTK_CFLAGS=''
GTK_LIBS=''
IMAGE_CFLAGS='-I/usr/include/libpng16 '
IMAGE_LIBS='-lpng16 -lz '
INSTALL_DATA='${INSTALL} -m 644'
INSTALL_FALLBACK_LOGO_FALSE=''
INSTALL_FALLBACK_LOGO_TRUE='#'
INSTALL_PROGRAM='${INSTALL}'
INSTALL_SCRIPT='${INSTALL}'
INSTALL_STRIP_PROGRAM='$(install_sh) -c -s'
LD='/usr/bin/ld -m elf_x86_64'
LDFLAGS='-Wl,-O1,--sort-common,--as-needed,-z,relro,-z,now -ludev'
LIBOBJS=''
LIBS=''
LIBTOOL='$(SHELL) $(top_builddir)/libtool'
LIPO=''
LN_S='ln -s'
LTLIBOBJS=''
LT_AGE='0'
LT_CURRENT='4'
LT_REVISION='0'
LT_SYS_LIBRARY_PATH=''
MAINT=''
MAINTAINER_MODE_FALSE='#'
MAINTAINER_MODE_TRUE=''
MAKEINFO='${SHELL} /home/leandromqrs/archlinux/pkgs/plymouth/src/plymouth-0.9.4/build-tools/missing makeinfo'
MANIFEST_TOOL=':'
MKDIR_P='/usr/bin/mkdir -p'
NM='/usr/bin/nm -B'
NMEDIT=''
OBJDUMP='objdump'
OBJEXT='o'
OTOOL64=''
OTOOL=''
PACKAGE='plymouth'
PACKAGE_BUGREPORT='https://bugs.freedesktop.org/enter_bug.cgi?product=plymouth'
PACKAGE_NAME='plymouth'
PACKAGE_STRING='plymouth 0.9.4'
PACKAGE_TARNAME='plymouth'
PACKAGE_URL=''
PACKAGE_VERSION='0.9.4'
PANGO_CFLAGS='-I/usr/include/pango-1.0 -I/usr/include/glib-2.0 -I/usr/lib/glib-2.0/include -I/usr/lib/libffi-3.2.1/include -I/usr/include/harfbuzz -I/usr/include/fribidi -I/usr/include/freetype2 -I/usr/include/libpng16 -I/usr/include/cairo -I/usr/include/pixman-1 '
PANGO_LIBS='-lpangocairo-1.0 -lpango-1.0 -lgobject-2.0 -lglib-2.0 -lharfbuzz -lcairo '
PATH_SEPARATOR=':'
PKG_CONFIG='/usr/bin/pkg-config'
PKG_CONFIG_LIBDIR=''
PKG_CONFIG_PATH=''
PLYMOUTH_CFLAGS='  -Wall -Wno-sign-compare -Wno-deprecated-declarations'
PLYMOUTH_CLIENT_DIR='/usr/bin'
PLYMOUTH_CONF_DIR='/etc/plymouth/'
PLYMOUTH_DAEMON_DIR='/usr/bin'
PLYMOUTH_DATADIR='/usr/share'
PLYMOUTH_LIBDIR='/usr/lib'
PLYMOUTH_LIBEXECDIR='/usr/lib'
PLYMOUTH_LIBS='-lm -lrt -ldl'
PLYMOUTH_LOGO_FILE='/usr/share/plymouth/arch-logo.png'
PLYMOUTH_PLUGIN_PATH='/usr/lib/plymouth/'
PLYMOUTH_POLICY_DIR='/usr/share/plymouth/'
PLYMOUTH_RUNTIME_DIR='/var/run/plymouth'
PLYMOUTH_RUNTIME_THEME_PATH='/var/run/plymouth/themes'
PLYMOUTH_THEME_PATH='/usr/share/plymouth/themes'
RANLIB='ranlib'
RELEASE_FILE='/etc/os-release'
SED='/usr/bin/sed'
SET_MAKE=''
SHELL='/bin/sh'
STRIP='strip'
SYSTEMD_ASK_PASSWORD_AGENT='/usr/bin/systemd-tty-ask-password-agent'
SYSTEMD_UNIT_DIR='/usr/lib/systemd/system'
UDEVADM='/usr/bin/udevadm'
UDEV_CFLAGS=''
UDEV_LIBS='-ludev '
VERSION='0.9.4'
WITH_RHGB_COMPAT_LINK_FALSE=''
WITH_RHGB_COMPAT_LINK_TRUE='#'
WITH_SYSTEM_ROOT_INSTALL_FALSE=''
WITH_SYSTEM_ROOT_INSTALL_TRUE='#'
XSLTPROC='/usr/bin/xsltproc'
ac_ct_AR='ar'
ac_ct_CC='gcc'
ac_ct_DUMPBIN=''
am__EXEEXT_FALSE=''
am__EXEEXT_TRUE='#'
am__fastdepCC_FALSE='#'
am__fastdepCC_TRUE=''
am__include='include'
am__isrc=''
am__leading_dot='.'
am__nodep='_no'
am__quote=''
am__tar='$${TAR-tar} chof - "$$tardir"'
am__untar='$${TAR-tar} xf -'
background_color='0x000000'
background_end_color='0x4D4D4D'
background_start_color='0x000000'
bindir='${exec_prefix}/bin'
build='x86_64-pc-linux-gnu'
build_alias=''
build_cpu='x86_64'
build_os='linux-gnu'
build_vendor='pc'
datadir='${datarootdir}'
datarootdir='${prefix}/share'
docdir='${datarootdir}/doc/${PACKAGE_TARNAME}'
dvidir='${docdir}'
exec_prefix='/usr'
host='x86_64-pc-linux-gnu'
host_alias=''
host_cpu='x86_64'
host_os='linux-gnu'
host_vendor='pc'
htmldir='${docdir}'
includedir='${prefix}/include'
infodir='${datarootdir}/info'
install_sh='${SHELL} /home/leandromqrs/archlinux/pkgs/plymouth/src/plymouth-0.9.4/build-tools/install-sh'
libdir='/usr/lib'
libexecdir='/usr/lib'
localedir='${datarootdir}/locale'
localstatedir='/var'
logofile='/usr/share/plymouth/arch-logo.png'
mandir='${datarootdir}/man'
mkdir_p='$(MKDIR_P)'
oldincludedir='/usr/include'
pdfdir='${docdir}'
plymouthclientdir='${exec_prefix}/bin'
plymouthdaemondir='/usr/bin'
plymouthruntimedir='/var/run/plymouth'
prefix='/usr'
program_transform_name='s,x,x,'
psdir='${docdir}'
sbindir='/usr/bin'
sharedstatedir='${prefix}/com'
sysconfdir='/etc'
target_alias=''

## ----------- ##
## confdefs.h. ##
## ----------- ##

/* confdefs.h */
#define PACKAGE_NAME "plymouth"
#define PACKAGE_TARNAME "plymouth"
#define PACKAGE_VERSION "0.9.4"
#define PACKAGE_STRING "plymouth 0.9.4"
#define PACKAGE_BUGREPORT "https://bugs.freedesktop.org/enter_bug.cgi?product=plymouth"
#define PACKAGE_URL ""
#define STDC_HEADERS 1
#define HAVE_SYS_TYPES_H 1
#define HAVE_SYS_STAT_H 1
#define HAVE_STDLIB_H 1
#define HAVE_STRING_H 1
#define HAVE_MEMORY_H 1
#define HAVE_STRINGS_H 1
#define HAVE_INTTYPES_H 1
#define HAVE_STDINT_H 1
#define HAVE_UNISTD_H 1
#define __EXTENSIONS__ 1
#define _ALL_SOURCE 1
#define _GNU_SOURCE 1
#define _POSIX_PTHREAD_SEMANTICS 1
#define _TANDEM_SOURCE 1
#define STDC_HEADERS 1
#define PACKAGE "plymouth"
#define VERSION "0.9.4"
#define HAVE_DLFCN_H 1
#define LT_OBJDIR ".libs/"
#define HAVE_UDEV 1
#define PLY_ENABLE_TRACING 1
#define PLY_ENABLE_DEPRECATED_GDM_TRANSITION 1
#define PLY_ENABLE_SYSTEMD_INTEGRATION 1
#define RELEASE_FILE "/etc/os-release"
#define BOOT_TTY "/dev/tty1"
#define SHUTDOWN_TTY "/dev/tty63"

configure: exit 0
